Program (1)
    ExtDefList (1)
        ExtDef (1)
            Specifier (1)
                TYPE (1)
                    int (1)
            FunDec (1)
                ID: fun (1)
                LP (1)
                    ( (1)
                VarList (1)
                    ParamDec (1)
                        Specifier (1)
                            TYPE (1)
                                int (1)
                        VarDec (1)
                            ID: n (1)
                RP (1)
                    ) (1)
            CompSt (1)
                LC (1)
                    { (1)
                DefList (2)
                StmtList (2)
                    Stmt (2)
                        IF (2)
                            if (2)
                        LP (2)
                            ( (2)
                        Exp (2)
                            Exp (2)
                                ID: n (2)
                            RELOP (2)
                                < (2)
                            Exp (2)
                                FLOAT: 10 (2)
                        RP (2)
                            ) (2)
                        Stmt (2)
                            CompSt (2)
                                LC (2)
                                    { (2)
                                DefList (3)
                                StmtList (3)
                                    Stmt (3)
                                        RETURN (3)
                                            return (3)
                                        Exp (3)
                                            Exp (3)
                                                ID: n (3)
                                            PLUS (3)
                                                + (3)
                                            Exp (3)
                                                INT: 1 (3)
                                        SEMI (3)
                                            ; (3)
                                    StmtList (4)
                                RC (4)
                                    } (4)
                        ELSE (4)
                            else (4)
                        Stmt (4)
                            CompSt (4)
                                LC (4)
                                    { (4)
                                DefList (5)
                                StmtList (5)
                                    Stmt (5)
                                        RETURN (5)
                                            return (5)
                                        Exp (5)
                                            Exp (5)
                                                ID: n (5)
                                            MINUS (5)
                                                - (5)
                                            Exp (5)
                                                INT: 1 (5)
                                        SEMI (5)
                                            ; (5)
                                    StmtList (6)
                                RC (6)
                                    } (6)
                    StmtList (7)
                RC (7)
                    } (7)
        ExtDefList (9)
            ExtDef (9)
                Specifier (9)
                    TYPE (9)
                        int (9)
                FunDec (9)
                    ID: fun2 (9)
                    LP (9)
                        ( (9)
                    RP (9)
                        ) (9)
                CompSt (9)
                    LC (9)
                        { (9)
                    DefList (10)
                    StmtList (10)
                        Stmt (10)
                            RETURN (10)
                                return (10)
                            Exp (10)
                                INT: 2 (10)
                            SEMI (10)
                                ; (10)
                        StmtList (11)
                    RC (11)
                        } (11)
            ExtDefList (13)
                ExtDef (13)
                    Specifier (13)
                        StructSpecifier (13)
                            STRUCT (13)
                                struct (13)
                            OptTag (13)
                                ID: str (13)
                            LC (13)
                                { (13)
                            DefList (14)
                                Def (14)
                                    Specifier (14)
                                        TYPE (14)
                                            float (14)
                                    DecList (14)
                                        Dec (14)
                                            VarDec (14)
                                                ID: f1 (14)
                                            ASSIGNOP (14)
                                                = (14)
                                            Exp (14)
                                                FLOAT: 0.5 (14)
                                    SEMI (14)
                                        ; (14)
                                DefList (15)
                                    Def (15)
                                        Specifier (15)
                                            TYPE (15)
                                                int (15)
                                        DecList (15)
                                            Dec (15)
                                                VarDec (15)
                                                    ID: i1 (15)
                                                ASSIGNOP (15)
                                                    = (15)
                                                Exp (15)
                                                    INT: 1 (15)
                                        SEMI (15)
                                            ; (15)
                                    DefList (16)
                            RC (16)
                                } (16)
                    ExtDecList (16)
                        VarDec (16)
                            ID: st (16)
                    SEMI (16)
                        ; (16)
                ExtDefList (18)
                    ExtDef (18)
                        Specifier (18)
                            TYPE (18)
                                int (18)
                        FunDec (18)
                            ID: main (18)
                            LP (18)
                                ( (18)
                            RP (18)
                                ) (18)
                        CompSt (18)
                            LC (18)
                                { (18)
                            DefList (19)
                                Def (19)
                                    Specifier (19)
                                        TYPE (19)
                                            int (19)
                                    DecList (19)
                                        Dec (19)
                                            VarDec (19)
                                                VarDec (19)
                                                    VarDec (19)
                                                        ID: j (19)
                                                    LB (19)
                                                        [ (19)
                                                    INT: 10 (19)
                                                    RB (19)
                                                        ] (19)
                                                LB (19)
                                                    [ (19)
                                                INT: 10 (19)
                                                RB (19)
                                                    ] (19)
                                    SEMI (19)
                                        ; (19)
                                DefList (20)
                                    Def (20)
                                        Specifier (20)
                                            TYPE (20)
                                                int (20)
                                        DecList (20)
                                            Dec (20)
                                                VarDec (20)
                                                    ID: i (20)
                                        SEMI (20)
                                            ; (20)
                                    DefList (21)
                            StmtList (21)
                                Stmt (21)
                                    Exp (21)
                                        Exp (21)
                                            ID: i (21)
                                        ASSIGNOP (21)
                                            = (21)
                                        Exp (21)
                                            FLOAT: 0 (21)
                                    SEMI (21)
                                        ; (21)
                                StmtList (22)
                                    Stmt (22)
                                        WHILE (22)
                                            while (22)
                                        LP (22)
                                            ( (22)
                                        Exp (22)
                                            Exp (22)
                                                ID: i (22)
                                            RELOP (22)
                                                < (22)
                                            Exp (22)
                                                FLOAT: 10 (22)
                                        RP (22)
                                            ) (22)
                                        Stmt (22)
                                            CompSt (22)
                                                LC (22)
                                                    { (22)
                                                DefList (23)
                                                StmtList (23)
                                                    Stmt (23)
                                                        Exp (23)
                                                            Exp (23)
                                                                Exp (23)
                                                                    Exp (23)
                                                                        ID: j (23)
                                                                    LB (23)
                                                                        [ (23)
                                                                    Exp (23)
                                                                        ID: i (23)
                                                                    RB (23)
                                                                        ] (23)
                                                                LB (23)
                                                                    [ (23)
                                                                Exp (23)
                                                                    ID: i (23)
                                                                RB (23)
                                                                    ] (23)
                                                            ASSIGNOP (23)
                                                                = (23)
                                                            Exp (23)
                                                                ID: fun (23)
                                                                LP (23)
                                                                    ( (23)
                                                                Args (23)
                                                                    Exp (23)
                                                                        ID: i (23)
                                                                RP (23)
                                                                    ) (23)
                                                        SEMI (23)
                                                            ; (23)
                                                    StmtList (24)
                                                        Stmt (24)
                                                            Exp (24)
                                                                Exp (24)
                                                                    ID: i (24)
                                                                ASSIGNOP (24)
                                                                    = (24)
                                                                Exp (24)
                                                                    Exp (24)
                                                                        ID: i (24)
                                                                    PLUS (24)
                                                                        + (24)
                                                                    Exp (24)
                                                                        INT: 1 (24)
                                                            SEMI (24)
                                                                ; (24)
                                                        StmtList (25)
                                                RC (25)
                                                    } (25)
                                    StmtList (26)
                                        Stmt (26)
                                            RETURN (26)
                                                return (26)
                                            Exp (26)
                                                FLOAT: 0 (26)
                                            SEMI (26)
                                                ; (26)
                                        StmtList (27)
                            RC (27)
                                } (27)
                    ExtDefList (28)
